       PADS LIBRARY (STD PCB Decals) DIRECTORY LISTING              VERSION:  2011-9-26 16:08:49
Item Name                                When Modified              Mount Type

1.25T-4-5AW                              08/19/11 11:28:46          S
AF5                                      08/18/11 13:47:21          L
AF6-3.5-14X8.3S                          08/18/11 13:48:33          S
AGP-FINGER                               09/27/09 11:41:35          N
ANT-2430-34X5                            02/14/11 17:41:13          L
ANT-AG-1                                 07/08/11 15:00:31          L
ANT-AG-2                                 07/08/11 15:01:53          L
ANT-REALTEK                              09/27/09 11:41:35          S
ANT-RT5370-5X11MM                        09/01/10 08:50:35          N
ANTAQ                                    08/19/11 11:29:23          S
AP_PIFA-23.4X4                           09/14/11 17:08:19          L
AVF7-SPDIF+3RCA                          08/19/11 11:29:39          L
BALUN-HHM1711D1                          05/20/11 11:26:41          S
BALUN-LDB21                              05/20/11 11:26:41          S
BAT2-27.8X22.8                           09/27/09 11:41:35          L
BAT2-4.8X4.8                             08/18/11 13:52:26          S
BAT3-7.9X5.1                             08/18/11 13:52:59          S
BGA107-080-1014                          05/20/11 11:26:41          S
BGA117-1-0913                            05/20/11 11:26:41          S
BGA121-080-1111                          05/20/11 11:26:41          S
BGA121-1-1212                            05/20/11 11:26:41          S
BGA180-080-1414                          05/20/11 11:26:41          S
BGA196-080-1414                          05/20/11 11:26:41          S
BGA196-1-1414                            05/20/11 11:26:41          S
BGA20-040-0606                           05/20/11 11:26:41          S
BGA213-065-1818                          06/02/11 09:08:41          S
BGA224-080-1515                          05/20/11 11:26:41          S
BGA233-080-1717                          05/20/11 11:26:41          S
BGA240-080-1818                          08/15/11 16:38:36          S
BGA244-050-2121                          05/20/11 11:26:41          S
BGA256-1-1616                            05/20/11 11:26:41          S
BGA260-050-2222                          05/20/11 11:26:42          S
BGA260-1-1818                            05/20/11 11:26:42          S
BGA264-065-1717                          06/02/11 09:12:35          S
BGA269-080-1717                          08/19/11 15:12:11          S
BGA28-080-0606                           08/19/11 17:02:12          S
BGA289-080-1717                          05/20/11 11:26:42          S
BGA292-080-2020                          05/20/11 11:26:42          S
BGA304-065-2020                          06/02/11 09:12:51          S
BGA320-1-2020                            06/02/11 10:06:45          S
BGA326-080-2020                          05/20/11 11:26:42          S
BGA337-050-2323                          05/20/11 11:26:42          S
BGA337-080-2020                          05/20/11 11:26:42          S
BGA339-065-2222                          06/02/11 09:13:36          S
BGA340-1-2222                            06/02/11 09:19:29          S
BGA349-065-2222                          06/02/11 09:13:50          S
BGA352-065-2222                          06/02/11 09:14:05          S
BGA352-1-2222                            05/20/11 11:26:42          S
BGA362-050-2525                          05/20/11 11:26:42          S
BGA364-1-2020                            05/20/11 11:26:42          S
BGA364-1-2222                            05/20/11 11:26:42          S
BGA366-065-2222                          06/02/11 09:14:26          S
BGA384-050-2424                          05/20/11 11:26:42          S
BGA400-080-2020                          05/20/11 11:26:42          S
BGA400-1-2020                            05/20/11 11:26:42          S
BGA400-1.27-2020                         09/23/11 16:45:37          S
BGA409-065-2727                          06/28/11 16:41:04          S
BGA420-1-2222                            05/20/11 11:26:42          S
BGA444-1-2626                            05/20/11 11:26:42          S
BGA448-065-2424                          08/24/11 16:22:42          S
BGA452-127-2626                          05/20/11 11:26:42          S
BGA457-080-2525                          05/20/11 11:26:42          S
BGA458-1-3030                            05/20/11 11:26:42          S
BGA484-1-2222                            05/20/11 11:26:42          S
BGA492-127-2626                          05/20/11 11:26:42          S
BGA56-050-1014                           05/20/11 11:26:42          S
BGA564-1-2626                            05/20/11 11:26:42          S
BGA596-1-3434                            05/20/11 11:26:42          S
BGA617-1-2626                            05/20/11 11:26:42          S
BGA625-080-2525                          05/20/11 11:26:43          S
BGA676-1-2626                            05/20/11 11:26:43          S
BGA676-127-2626                          05/20/11 11:26:43          S
BGA680-1-3939                            05/20/11 11:26:43          S
BGA757-1-3939                            05/20/11 11:26:43          S
BGA78-080-0913                           08/17/11 16:13:42          S
BGA788-1-3636                            05/20/11 11:26:43          S
BGA84-080-0915                           05/20/11 11:26:43          S
BGA9-050-0303                            05/20/11 11:26:43          S
BGA900-1-3030                            06/02/11 09:24:51          S
BGA96-060-1010                           05/20/11 11:26:43          S
BNC-JACK                                 07/22/11 10:25:41          L
BPF2-2X1.25                              08/18/11 13:54:04          S
BPF2012                                  09/07/11 16:26:48          S
BPF2520                                  08/18/11 13:56:11          S
BPF6-1608                                08/18/11 13:56:38          S
BPF6-2012                                08/18/11 13:57:42          S
BPF6-2X1.25                              08/18/11 13:59:55          S
BPF6-N                                   08/18/11 14:02:06          S
BPF8-2012                                08/17/11 08:53:34          S
BUZ2-1212-5                              08/03/11 09:42:48          L
BUZ2-1212-6.5                            08/03/11 09:35:48          L
BUZ2-1212-7.6                            08/03/11 09:43:30          L
C0201                                    08/18/11 14:03:10          S
C0402                                    08/18/11 14:03:25          S
C0603                                    08/18/11 14:03:51          S
C0805                                    05/20/11 11:26:41          S
C1206                                    08/18/11 14:35:07          S
C1210                                    08/18/11 14:35:48          S
C1812                                    08/18/11 14:36:21          S
C2512                                    08/18/11 14:36:51          S
C3528                                    08/18/11 14:37:15          S
C7343                                    08/18/11 14:38:06          S
CAF95901                                 08/18/11 14:38:38          S
CAP-10                                   11/26/10 15:23:07          L
CAP-10-A                                 01/04/11 15:09:36          L
CAP-10-X                                 11/26/10 15:22:57          L
CAP-10A                                  08/18/11 14:39:16          L
CAP-15                                   11/26/10 15:23:27          L
CAP-16                                   11/26/10 15:23:36          L
CAP-5                                    11/26/10 15:23:49          L
CAP-5A                                   08/18/11 14:40:13          L
CAP-7.5                                  08/18/11 14:40:42          L
CAP-7.5-A                                01/11/11 10:08:07          L
CAP-D16                                  12/24/10 14:24:14          L
CAPC-D10                                 09/21/11 10:45:27          L
CAPC-D10A                                01/04/11 15:09:36          L
CAPC-D13                                 11/26/10 15:24:59          L
CAPC-D16                                 11/26/10 15:25:32          L
CAPC-D4                                  05/18/11 15:52:46          L
CAPC-D5                                  08/18/11 14:47:17          L
CAPC-D6.3                                09/21/11 10:44:55          L
CAPC-D8                                  08/18/11 14:48:47          L
CAPD10                                   11/26/10 15:26:43          L
CAPD13                                   11/26/10 15:26:58          L
CAPD16                                   12/27/10 10:50:31          L
CF-50-SK                                 08/17/11 16:37:09          S
CH4-10X8                                 11/26/10 15:27:56          L
CH4-1210                                 11/26/10 15:28:11          L
CH4-16X11.5                              11/26/10 15:28:22          L
CH4-2516                                 11/26/10 15:28:36          L
CH4-2723                                 06/22/11 11:20:36          L
CH6-1409                                 11/26/10 15:28:51          L
CMC4-2X1.2                               08/18/11 14:50:14          S
COM2325-22                               08/19/11 11:33:39          S
CRY2-11X4.65                             08/18/11 14:51:43          L
CRY2-8.2X3.2                             09/27/09 11:41:35          L
CS500X2                                  05/31/11 15:08:21          L
CS500X2A                                 05/31/11 15:07:51          L
DB25-HF                                  11/26/10 16:34:02          L
DB9                                      08/18/11 14:52:41          L
DC-HOLE                                  07/30/10 10:11:58          L
DDR3-DIMM                                08/18/11 08:44:21          L
DFN10-2.5X1                              05/20/11 11:26:40          S
DFN10-3X3                                08/18/11 14:53:30          S
DFN12-3X3                                08/19/11 11:34:27          S
DFN12-4X3                                08/18/11 14:54:40          S
DFN14-4X3                                08/19/11 11:35:47          S
DFN16-4X1.6                              08/18/11 14:55:25          S
DFN6-1.5X1.5                             05/20/11 11:26:40          S
DFN6-2X2                                 08/18/11 14:56:22          S
DFN6-3X3                                 08/18/11 14:56:44          S
DFN8-2X2                                 08/18/11 14:57:49          S
DFN8-3X3                                 08/18/11 14:58:26          S
DFN8-8X6                                 08/18/11 14:58:52          S
DIN-0316-F                               11/26/10 17:05:23          L
DIP10-100-200                            04/26/11 09:20:54          L
DIP20-100-300                            04/26/11 09:21:06          L
DIP28-100-600                            04/26/11 09:21:18          L
DIP32-100-600                            04/26/11 09:21:30          L
DIP4-100-300                             11/26/10 17:06:21          L
DIP4-100-420                             11/26/10 17:06:30          L
DIP6-100-300                             03/29/11 14:10:04          L
DIP8-100-300                             11/26/10 17:06:41          L
DLW21S                                   08/18/11 15:00:15          S
DO-10                                    08/18/11 15:01:03          L
DO-10A                                   11/26/10 17:07:24          L
DO-12.5                                  09/27/09 11:41:35          L
DO-14.5                                  08/18/11 15:01:29          L
DO-14.5A                                 08/18/11 15:01:51          L
DO-15                                    01/26/10 18:04:38          L
DO-3.8                                   08/18/11 15:28:29          L
DO-4                                     08/18/11 15:28:58          L
DO-6                                     08/18/11 15:29:25          L
DPLX7гн31X22.6                           08/10/11 16:52:38          L
DQFN164-AR9330-2                         09/13/11 16:17:44          S
DQFN164-AR9330-4                         09/16/11 15:27:58          S
DQFN164-AR9341-2                         09/13/11 16:23:54          S
DQFN164-AR9341-4                         09/13/11 16:34:07          S
DSW14                                    08/18/11 15:30:32          L
DSW5                                     08/18/11 15:31:10          L
DSW6                                     08/18/11 15:31:32          L
DSW8                                     11/26/10 17:11:21          L
E-CARD-26D                               09/01/11 15:45:55          S
ESATA7-1.27-21.1X13.6                    01/25/11 08:54:37          L
EX-LED                                   09/27/09 11:41:35          S
EX-LED1                                  09/27/09 11:41:35          S
FAN2                                     11/26/10 17:11:49          L
FAN3                                     11/26/10 17:11:56          L
FB2-400                                  11/26/10 17:12:03          L
FB2-512                                  11/26/10 17:12:09          L
FIL-LPF5                                 09/27/09 11:41:35          S
FU-M\B                                   06/02/11 11:03:26          S
FU-M\S                                   06/02/11 10:43:19          S
FU-M\TOP                                 06/02/11 10:15:06          S
FUSE2-200                                11/26/10 17:12:28          L
FUSE2-200A                               11/26/10 17:12:38          L
FUSE2-SS-5                               12/27/10 10:50:54          L
HCX-8F                                   08/18/11 15:33:02          S
HDMI-A-0.5-15X11.6S                      05/20/11 11:26:43          S
HEADER26                                 11/26/10 17:30:24          L
HEADER40                                 11/26/10 17:31:44          L
HPF5                                     07/19/10 17:34:55          S
HQFN24-050-0404                          08/19/11 11:38:50          S
HS-2828                                  09/27/09 11:41:35          L
HS-3535                                  09/27/09 11:41:35          L
HS-4040                                  09/27/09 11:41:35          L
HS-4040A                                 09/27/09 11:41:35          L
HS-5435A                                 09/27/09 11:41:35          L
HS-5452                                  09/27/09 11:41:35          L
HS-5555A                                 09/27/09 11:41:35          L
IC100                                    09/27/09 11:41:35          L
IC128                                    09/27/09 11:41:35          L
IC208                                    09/27/09 11:41:35          L
IRM-2.54                                 04/02/11 15:08:27          L
ISA20                                    06/18/10 15:36:17          L
JGC2                                     08/18/11 15:35:44          L
JGC4                                     08/18/11 15:36:09          L
JP-0102                                  11/26/10 17:33:05          L
JP-0103                                  11/26/10 17:33:15          L
JP-0104                                  11/26/10 17:33:25          L
JP-0104A                                 07/22/11 10:22:44          L
JP-0105                                  11/26/10 17:33:33          L
JP-0106-2                                08/29/11 15:43:05          L
JP-0107                                  06/17/11 16:00:55          L
JP-0108                                  11/26/10 17:33:44          L
JP-0109                                  03/15/11 17:17:06          L
JP-0140-1.27                             05/31/11 17:55:38          L
JP-0202                                  08/18/11 15:36:51          L
JP-0203                                  08/18/11 15:37:00          L
JP-0204-TB                               09/08/11 11:32:09          L
JP-0205                                  08/18/11 15:37:09          L
JP-0205A                                 11/26/10 17:34:24          L
JP-0205O                                 11/26/10 17:34:36          L
JP-0206                                  08/18/11 15:37:26          L
JP-0207                                  08/18/11 15:37:40          L
JP-0208                                  08/18/11 15:37:55          L
JP-0208A                                 11/26/10 17:34:51          L
JP-0213                                  08/18/11 15:38:15          L
JP-0213A                                 11/26/10 17:35:09          L
JP-0215A                                 03/02/11 11:03:29          L
JP-0216                                  08/18/11 15:38:37          L
JP-0220A                                 11/26/10 17:35:28          L
KBP206                                   06/18/10 15:36:41          L
L2-12X7                                  08/18/11 15:45:24          L
L2-15X7                                  11/26/10 15:31:18          L
L2-15X7.5                                11/26/10 15:31:28          L
L2-16.8X10                               11/26/10 15:31:37          L
L2-16.8X7.5                              11/26/10 15:31:55          L
L2-16.8X8                                11/26/10 15:32:03          L
L2-20X9.5                                08/18/11 15:46:07          L
L2-21.5X10                               07/29/11 09:21:30          L
L2-22X11                                 08/18/11 15:46:32          L
L2-23.5X9.5                              08/18/11 15:46:43          L
LASER-40X25                              06/18/10 15:38:20          L
LC2-D10.5                                11/26/10 15:33:05          L
LC2-D5                                   09/13/11 09:46:19          L
LC2-D5.5                                 05/18/11 15:47:40          L
LC2-D5S                                  01/04/11 15:09:36          L
LC2-D6                                   05/13/11 16:32:47          L
LC2-D6.5                                 01/04/11 15:08:56          L
LC2-D7.5                                 11/26/10 15:34:01          L
LC2-D9                                   11/26/10 15:34:07          L
LC6-D21.5                                06/01/11 09:24:03          L
LCD37-080-2.4                            05/19/11 17:01:23          S
LCD37-080-3.0                            05/19/11 17:01:23          S
LCD37-1-2.8                              05/19/11 17:01:23          S
LD8-8.2X10.5                             05/05/11 08:29:06          L
LED-1                                    08/18/11 15:49:54          L
LED-2                                    08/18/11 15:49:05          L
LED-2A                                   04/19/11 08:52:40          L
LED-3                                    08/18/11 15:50:31          L
LED-4                                    08/18/11 15:51:06          L
LED-6                                    11/26/10 15:35:47          L
LED-8                                    11/26/10 15:35:54          L
LED10MM                                  11/26/10 15:36:01          L
LED3MM                                   08/18/11 15:52:57          L
LED3MM-2C                                08/18/11 15:53:32          L
LED5MM                                   08/19/11 11:27:36          L
LPCC108-040-1212A                        08/16/11 15:32:18          S
LPCC108-040-1212A8.2X6.1                 09/13/11 14:16:11          S
LPCC56-040-0707                          08/18/11 15:55:07          S
LPCC64-050-0909A                         06/01/11 14:45:48          S
LPCC68-050-1010A                         06/01/11 14:48:09          S
LPCC88-040-1010A                         08/18/11 15:56:36          S
LQFP128-040-1414                         08/18/11 10:36:31          S
LQFP128-040-1414A                        08/18/11 10:36:59          S
LQFP128-040-1414A5.72X5.72               08/18/11 10:40:50          S
LQFP128-040-1414A6X5                     08/18/11 10:42:47          S
LQFP128-050-2014                         06/01/11 17:16:22          S
LQFP128-050-2014A                        06/01/11 17:16:42          S
LQFP128-050-2014A6.8X5.9                 06/01/11 17:17:06          S
LQFP128-050-2014L                        06/01/11 17:17:26          S
LQFP144-050-2020A                        08/18/11 11:15:55          S
LQFP164-040-2020A                        08/18/11 11:21:09          S
LQFP216-040-2424A                        06/01/11 16:37:31          S
LQFP216-040-2424A11.8X10.2               06/01/11 16:39:17          S
LQFP256-040-2828A                        06/01/11 16:40:08          S
LQFP48-050-0707                          09/01/11 11:32:59          S
LQFP64-050-1010A                         06/01/11 17:18:21          S
LQFP80-050-1212A                         08/18/11 11:23:33          S
LQFP80-065-1414                          08/18/11 11:24:40          S
MC0402                                   08/16/11 17:03:02          S
MC0603                                   08/25/11 15:58:31          S
MC0805                                   08/18/11 15:58:30          S
MC901                                    05/20/11 11:26:39          S
MCM16-085-0404                           08/18/11 15:58:47          S
MCM20-1-0606                             08/18/11 16:00:12          S
MCM24-16.5X16.5                          09/16/11 16:52:48          S
MDS-G31                                  06/01/11 09:31:15          L
MDS-G76                                  11/26/10 17:36:42          L
MINIPCI-124                              08/29/11 14:05:01          S
MINIPCI-124M-3A                          08/18/11 16:03:43          S
MINIPCI-124M-3B                          08/18/11 16:03:23          S
MINIPCI-E-52                             01/05/10 17:11:03          S
MINIPCI-E-52H                            01/05/10 17:11:19          S
MINIPCI-E-52M                            08/17/11 16:08:43          S
MINIPCI-E-52M-A                          08/17/11 16:09:51          S
MLPQ12-040-0202                          05/20/11 11:26:40          S
MLPQ16-050-0303                          08/18/11 16:04:46          S
MM3.0\L2                                 09/27/09 11:41:35          N
MM3.0\L4                                 09/27/09 11:41:35          N
MM3.2\L2                                 09/27/09 11:41:35          N
MM3.2\L4                                 09/27/09 11:41:35          N
MM3.2\L6                                 09/27/09 11:41:35          N
MM3.5\L2                                 09/27/09 11:41:35          N
MM3.5\L2A                                09/27/09 11:41:35          N
MM3.5\L4                                 09/27/09 11:41:35          N
MM3.5\L4A                                09/27/09 11:41:35          N
MM3.5\L6                                 09/27/09 11:41:35          N
MM3.5\L6A                                09/27/09 11:41:35          N
MR0402                                   08/16/11 17:01:58          S
MR0603                                   08/25/11 15:57:48          S
MR0805                                   08/18/11 16:05:50          S
MSL0402                                  08/16/11 17:03:51          S
MSL0603                                  08/25/11 15:59:00          S
MSL0805                                  08/18/11 16:06:38          S
MSLED0402                                07/20/11 15:41:10          S
MSLED0603                                08/18/11 16:06:58          S
MSLED0805                                08/18/11 16:07:09          S
MSOP-050-3                               08/18/11 16:07:34          S
MSOP8-25.6-120                           08/18/11 16:07:52          S
MUSB-SMD                                 08/22/11 10:56:29          S
MUSB-SMD1                                08/22/11 10:52:57          S+
OSA-B-4X4                                06/20/11 08:45:20          L
OSA-B-4X4-A                              07/08/11 09:57:15          L
OSA-B-4X5                                07/14/11 17:54:39          L
OSA-B-4X5-A                              07/18/11 16:11:54          L
OSC4-12.7X12.7                           11/26/10 17:38:22          L
OSC6-20.7X13.2                           11/26/10 17:38:29          L
PAD-TP3.4X0.7                            03/03/11 10:47:38          N
PAD2                                     09/27/09 11:41:35          N
PAD2.2                                   09/27/09 11:41:35          N
PAD5                                     09/27/09 11:41:35          N
PBSW-1                                   05/19/11 14:36:01          S
PC-CARD-68D                              05/19/11 14:38:00          N
PC-CARD-68F                              05/19/11 14:39:41          S
PCI                                      09/27/09 11:41:35          L
PCI-124-L2                               09/02/11 10:48:20          N
PCI-124-L4                               09/02/11 10:49:18          N
PCIE-36                                  08/29/11 14:02:41          N
PCIE-36-SK                               08/17/11 17:31:02          L
PQFP128-050-2014                         06/01/11 16:59:03          S
PQFP208-050-2828                         08/18/11 10:35:35          S
PQFP64-050-1010                          06/01/11 17:00:04          S
PQFP80-050-1212                          08/18/11 16:10:39          S
PSOP14-15.7-177                          05/19/11 15:32:23          S
PSW13                                    11/26/10 17:40:26          L
PSW8                                     08/18/11 16:14:36          L
PW2-3.96                                 11/26/10 17:40:52          L
PW2-3.96-R                               08/18/11 16:15:51          L
PW2-6                                    08/18/11 16:16:29          L
PW4-3.96                                 11/26/10 17:41:36          L
PW5-2.5                                  11/26/10 17:41:50          L
PW6-3.96                                 11/26/10 17:42:02          L
PW7-3.96                                 06/22/11 14:52:36          L
PW8-3.96                                 11/26/10 17:42:16          L
PWC3                                     08/18/11 16:17:30          L
PWC3T                                    05/25/11 17:38:56          L
PWC6                                     11/26/10 17:42:49          L
QFN12-050-0303                           05/27/11 11:26:45          S
QFN16-050-0303                           05/27/11 11:30:03          S
QFN16-065-0404                           08/18/11 09:35:59          S
QFN20-050-0404                           08/18/11 09:36:30          S
QFN24-050-0404                           08/18/11 09:36:59          S
QFN24-050-0404A                          08/18/11 09:37:28          S
QFN28-040-0404                           08/11/11 11:11:16          S
QFN28-045-0404                           08/18/11 09:38:50          S
QFN32-050-0505                           08/18/11 09:39:24          S
QFN32-050-0505A                          08/18/11 09:39:58          S
QFN32-050-0505A2.7                       08/18/11 09:40:38          S
QFN32-050-0604                           06/01/11 11:19:00          S
QFN40-040-0505                           08/18/11 09:41:29          S
QFN40-050-0606                           08/18/11 09:42:26          S
QFN42-050-0705                           08/09/11 09:24:24          S
QFN44-050-0707A                          08/18/11 09:43:06          S
QFN46-040-6.5X4.5                        08/18/11 09:43:47          S
QFN46-040-6.5X4.5A                       08/18/11 09:44:16          S
QFN48-040-0606                           08/18/11 09:45:58          S
QFN48-050-0707                           08/18/11 09:50:17          S
QFN48-050-0707A                          08/18/11 09:51:01          S
QFN52-040-7.5X5.7                        08/18/11 09:54:34          S
QFN56-040-0707                           08/18/11 09:59:54          S
QFN56-050-0808                           08/18/11 10:14:29          S
QFN64-050-0909                           08/18/11 10:18:31          S
QFN64-050-0909A                          06/01/11 11:41:42          S
QFN68-040-0808                           08/18/11 10:01:04          S
QFN68-040-0808A                          08/18/11 10:26:29          S
QFN76-040-0909                           08/18/11 10:24:18          S
QFN76-040-0909A                          08/26/11 10:09:56          S
QFP100-065-2014                          08/18/11 10:27:59          S
QFP128-050-2014                          06/01/11 16:24:57          S
QFP208-050-2828                          08/18/11 10:29:20          S
QFP44-080-1010                           06/01/11 16:29:37          S
QFP48-060-0909                           08/18/11 10:30:07          S
QSOP20-25-150                            08/18/11 16:18:42          S
QSOP28-25-150                            08/18/11 16:19:18          S
R0201                                    08/18/11 16:19:35          S
R0402                                    08/18/11 16:21:10          S
R0402-3P                                 05/20/11 11:26:35          S
R0603                                    08/18/11 16:21:33          S
R0805                                    05/20/11 11:26:35          S
R1206                                    08/18/11 16:22:05          S
R2010                                    08/18/11 16:22:23          S
RES-200-VDR                              11/26/10 15:19:01          L
RES-200S                                 08/18/11 16:22:42          L
RES-3.4-GL                               09/01/11 15:29:23          L
RES-7.5-D14                              07/29/11 08:55:41          L
RF-4.6-5                                 05/13/11 16:36:03          L
RF-CON-MC901                             05/20/11 11:26:35          S
RF-CON-MM8430                            08/18/11 16:24:49          S
RF-CON-SMA                               08/18/11 16:24:58          L
RF-CON-SMA-S                             05/20/11 11:26:35          S
RFT-2                                    05/20/11 11:26:36          S
RFT-3                                    08/18/11 16:25:22          S
RJ-45LED                                 08/18/11 16:28:07          L
RJ11-R1.02                               06/23/11 11:34:56          L
RJ11-R1.02L                              07/26/11 11:22:51          L
RJ11-R1.27                               01/14/10 17:48:47          L
RJ11-R2-2X1                              11/26/10 17:54:25          L
RJ45-2USB-LED                            09/16/11 17:05:55          L
RJ45-R1.02                               09/14/11 09:26:26          L
RJ45-R1.02-A                             09/14/11 09:26:05          L
RJ45-R1.02-LED                           06/10/11 08:55:24          L
RJ45-R1.02S                              08/18/11 16:29:39          S
RJ45-R1.2                                09/14/11 09:27:41          L
RJ45-R1.27                               09/14/11 09:28:03          L
RJ45-R1.27-GT                            11/26/10 17:55:27          L
RJ45-R1.27-TRANSFORMER                   06/10/11 08:55:24          L
RJ45-R1.27L                              06/10/11 08:55:25          L
RJ45-R12-6X2                             08/18/11 16:35:42          L
RJ45-R16-8X2                             08/18/11 16:36:27          L
RJ45-R2-2X1                              08/18/11 16:36:45          L
RJ45-R2-2X1A                             07/26/11 11:13:11          L
RJ45-R4-4X1                              06/02/11 16:25:02          L
RJ45-R4-4X1A                             06/28/11 08:31:53          L
RJ45-R5-5X1                              09/14/11 09:29:17          L
RJ45-R8-4X2                              08/18/11 16:38:03          L
RJ45-R8-4X2L                             09/17/10 17:14:23          L
RJ45-R8-8X1                              08/18/11 16:38:57          L
RJ45-T1.27S                              08/18/11 16:39:42          S
RLY10-100-100                            11/26/10 17:52:10          L
RLY12-100-200                            11/26/10 17:51:58          L
RLY5-100-300                             08/18/11 16:40:36          L
RN4                                      08/18/11 16:41:10          S
S-DL10                                   09/14/11 17:11:48          S
S-DL35                                   08/18/11 16:42:31          S
S-DO-214AA-3                             08/09/11 09:36:18          S
S-DO214                                  08/18/11 16:42:45          S
S-DO214AB                                08/18/11 16:43:05          S
S-DO214AC                                08/18/11 16:43:43          S
S-OSA-B-4X5                              06/17/11 15:29:22          S
S-OSA-R-4                                06/17/11 15:29:50          S
S-OSA-T-4                                06/17/11 15:30:04          S
SATA-22                                  08/17/11 16:40:32          L
SAW5-1.35X1.05                           08/18/11 16:46:39          S
SBR4-4.9X4                               08/18/11 16:47:01          S
SC-59                                    08/18/11 16:47:36          S
SC-62                                    08/18/11 16:47:49          S
SC-70-5                                  08/18/11 16:48:31          S
SC-70-6                                  08/18/11 16:49:11          S
SC-70-8                                  08/18/11 16:49:29          S
SC-74                                    08/18/11 16:50:06          S
SC-79                                    08/18/11 16:51:33          S
SC-88                                    08/18/11 16:52:26          S
SC-89                                    08/18/11 16:53:40          S
SCRY2-11X4.9                             08/18/11 16:55:12          S
SCRY2-3.2X1.5                            08/18/11 16:55:48          S
SCRY2-8X4.5                              08/18/11 16:56:18          S
SCRY4-2.5X2                              09/22/11 08:49:07          S
SCRY4-3.25X2.55                          08/18/11 17:44:29          S
SCRY4-3.2X2.5                            08/18/11 17:45:12          S
SCRY4-5X3.2                              08/18/11 17:45:27          S
SCRY4-7X5                                08/18/11 17:46:48          S
SFF-1X1                                  10/28/10 17:38:12          L
SFF-2X1                                  10/28/10 17:37:23          L
SFF-2X1-A                                06/01/11 09:44:59          L
SFF-2X1-B                                09/14/11 17:09:36          L
SFP-1X1                                  08/18/11 17:48:57          S+
SFP-1X4                                  07/01/11 14:49:42          S+
SFP-2X1                                  08/18/11 17:49:54          L
SFP-2X1-LP                               08/18/11 17:50:28          L
SFUSE-1206                               08/18/11 17:50:57          S
SFUSE-1812                               05/25/11 14:39:28          S
SFUSE-9474                               05/25/11 14:39:38          S
SHIELD-29X40                             09/27/09 11:41:35          L
SHIELD-29X40A                            09/27/09 11:41:35          L
SHIELD-29X40NEW                          09/27/09 11:41:35          L
SHIELD-310                               09/27/09 11:41:35          L
SHIELD-310V5                             09/27/09 11:41:35          L
SHIELD-320                               09/27/09 11:41:35          L
SHIELD-320G                              09/27/09 11:41:35          L
SHIELD-42X23.5                           09/27/09 11:41:35          L
SHIELD-83X36.8                           09/27/09 11:41:35          L
SHIELD-AP51                              09/27/09 11:41:35          L
SHIELD-CB51                              09/27/09 11:41:35          L
SHIELD-CB71                              09/27/09 11:41:35          L
SHIELD-MB62                              09/27/09 11:41:35          L
SHIELD-MV                                09/27/09 11:41:35          L
SHIELD-UB323                             09/27/09 11:41:35          L
SHIELD-UB52                              09/27/09 11:41:35          L
SJP-0106-1                               09/09/11 10:56:48          S
SJP-0112-1                               09/05/11 14:21:06          S
SJP-0205                                 09/01/11 15:31:41          S
SJP-0207                                 09/01/11 15:31:49          S
SJP-0210                                 09/01/11 15:31:31          S
SJP-0213                                 09/01/11 15:32:00          S
SJP-0270-0.8                             09/01/11 15:35:53          S+
SL0201                                   08/18/11 17:52:28          S
SL0402                                   08/18/11 17:52:37          S
SL0603                                   08/18/11 17:52:47          S
SL0805                                   05/25/11 16:10:46          S
SL1008                                   08/18/11 17:53:30          S
SL1206                                   08/18/11 17:53:57          S
SL1210                                   08/18/11 17:54:25          S
SL2518                                   05/25/11 16:10:46          S
SL3225                                   08/19/11 08:40:20          S
SL4532                                   05/25/11 16:10:46          S
SLED-3C                                  08/11/11 11:34:11          S
SLED0603                                 08/19/11 08:40:58          S
SLED0805                                 08/19/11 08:41:17          S
SOD123                                   08/19/11 08:42:47          S
SOD323                                   06/16/11 17:12:54          S
SOD323-A                                 08/19/11 08:43:32          S
SOD523                                   08/19/11 08:44:04          S
SOD923                                   08/19/11 08:45:20          S
SOIC14-50-150                            08/18/11 09:31:32          S
SOIC16-50-295                            06/02/11 08:39:28          S
SOIC20-50-295                            08/18/11 09:31:53          S
SOIC8-50-150                             06/01/11 15:29:00          S
SOIC8-50-208                             08/18/11 09:32:57          S
SOP16-50-150                             08/18/11 09:29:29          S
SOP16-50-300                             06/02/11 08:38:19          S
SOP4-100-256                             05/25/11 16:10:46          S
SOP5-50-173                              08/19/11 08:46:52          S
SOP8-100-260                             05/25/11 16:10:46          S
SOP8-50-155                              08/19/11 08:47:35          S
SOP8-50-155-2X3                          08/19/11 08:48:26          S
SOP8-50-155A                             08/19/11 08:48:49          S
SOSC4-5X3                                08/19/11 08:49:42          S
SOSC4-5X3.2                              08/19/11 08:49:55          S
SOSC4-7X5                                08/19/11 08:50:42          S
SOSC6-7.2X5.2                            08/19/11 08:51:16          S
SOT-143                                  08/19/11 08:52:02          S
SOT-223                                  05/25/11 16:10:47          S
SOT-23                                   08/19/11 08:53:02          S
SOT-23-5                                 08/19/11 08:53:50          S
SOT-23-6                                 08/19/11 08:54:26          S
SOT-343                                  08/19/11 08:55:00          S
SOT-89                                   08/19/11 08:55:29          S
SPG-10                                   08/19/11 08:55:47          L
SPG-12.7                                 08/19/11 08:55:57          L
SPG-3-5X7.2                              08/19/11 08:56:32          S
SPG-DO214                                08/19/11 08:56:47          S
SPL12.5X12.5                             08/19/11 08:57:04          S
SPL12.95X9.4                             08/19/11 09:00:24          S
SPL13.2X12.9                             07/28/11 10:13:00          S
SPL2.5X2                                 09/22/11 09:12:33          S
SPL3.2X3.2                               08/19/11 09:04:53          S
SPL3X3                                   08/19/11 09:06:17          S
SPL3X3D                                  08/19/11 09:06:56          S
SPL4.6X4.6                               08/19/11 09:08:07          S
SPL4X4                                   08/25/11 15:28:11          S
SPL5.3X5.3                               08/19/11 09:10:44          S
SPL5X5                                   08/19/11 09:11:16          S
SPL5X5D                                  08/19/11 09:11:52          S
SPL6.7X6.7                               08/19/11 09:12:57          S
SPL6X6                                   08/19/11 09:13:18          S
SPL7.3X7.3                               08/19/11 09:13:54          S
SSOP14-25.6-208                          08/19/11 09:14:24          S
SSOP20-25.6-208                          08/19/11 09:15:06          S
SSOP28-25.6-209                          08/19/11 09:15:23          S
SSOP32-25-295                            08/19/11 09:16:24          S
SSW10                                    08/19/11 09:17:21          S
SSW5                                     08/19/11 09:17:32          S
STFM10-2.5-14                            08/19/11 09:18:13          S
STFM16-1.27-7                            08/19/11 09:18:46          S
STFM16-1.7-11.5                          08/19/11 09:19:27          S
STFM16-1.7-13.5                          08/19/11 09:19:54          S
STFM24-1.0-7.1                           08/19/11 09:20:32          S
STFM24-1.27-12.2                         08/19/11 09:21:21          S
STFM24-1.27-16.8                         08/19/11 09:21:49          S
STFM40-1.27-12.3                         08/19/11 09:22:34          S
STFM48-1.02-12.2                         09/20/11 14:18:30          S
STFM8-2.54-10                            08/19/11 09:29:43          S
TCC22-27.4X27.5P                         08/19/11 09:30:58          S
TFM10-2.5-10                             08/19/11 09:31:13          L
TFM10-3.2-15.5                           08/19/11 09:31:20          L
TFM10-4-13                               08/19/11 09:31:44          L
TFM12-2-5.08                             08/19/11 09:32:19          L
TFM12-2.54-11.1                          09/27/09 11:41:35          L
TFM16-1.7-13                             08/19/11 09:33:17          L
TFM16-1.7-13.2                           05/30/11 14:27:03          L
TFM16-2.54-7.62                          08/19/11 09:33:47          L
TFM20-2.54-7.62                          08/19/11 09:34:08          L
TFM6-2.7-5                               08/19/11 09:34:22          L
TFM6-3.81-12.7                           08/19/11 09:34:43          L
TFM60-1.78-3.3                           08/19/11 09:34:59          L
TFM72-29X26.5                            08/19/11 09:35:13          L
TFM72-34.5X19                            08/19/11 09:35:25          L
TFM8-2.5-7.7                             08/19/11 09:35:52          L
TFM8-3.0-15.3                            08/19/11 09:36:43          L
TFM96-28.9X28.1                          03/31/11 10:00:23          L
TO-126                                   08/12/10 14:32:21          L
TO-220                                   08/19/11 09:37:27          L
TO-220A                                  08/19/11 09:37:43          L
TO-252                                   08/19/11 09:37:59          S
TO-263                                   08/19/11 09:38:18          S
TO-263-5                                 08/19/11 09:38:34          S
TO-92                                    08/19/11 09:40:55          L
TP                                       09/27/09 11:41:35          N
TPS                                      09/27/09 11:41:35          N
TPS1                                     06/24/11 11:00:52          N
TQFP100-050-1414                         08/18/11 10:31:02          S
TQFP128-040-1414A                        08/18/11 10:31:35          S
TQFP144-040-1616A                        06/01/11 17:03:38          S
TQFP176-040-2020A                        08/18/11 10:32:17          S
TQFP48-050-0707                          08/18/11 10:33:31          S
TQFP64-050-1010                          06/01/11 17:02:04          S
TQFP64-050-1010A                         06/01/11 17:02:35          S
TSON6-20-60                              08/19/11 09:44:59          S
TSOP48-20-725                            08/19/11 09:46:08          S
TSOP48-20-725A                           08/19/11 09:46:54          S
TSOP50-31.5-400                          08/19/11 09:49:28          S
TSOP54-31.5-400                          08/19/11 09:50:39          S
TSOP56-20-725                            08/19/11 09:51:54          S
TSOP56-20-725A                           08/19/11 09:52:47          S
TSOP66-25.6-400                          08/19/11 09:55:35          S
TSOP86-19.7-400                          08/19/11 09:57:02          S
TSSOP14-25.6-173                         08/19/11 09:57:18          S
TSSOP14-25.6-173A                        08/19/11 09:57:31          S
TSSOP16-25.6-175                         08/19/11 09:57:45          S
TSSOP20-25.6-173                         08/19/11 09:58:04          S
TSSOP24-25.6-173                         08/19/11 09:58:42          S
TSSOP56-20-245                           08/19/11 09:59:21          S
TSSOP8-25.6-175                          08/19/11 09:59:45          S
TSW4                                     08/19/11 10:00:22          L
TSW4-T                                   10/22/09 11:45:53          L
TSW4A                                    09/27/09 11:41:35          L
TSW4S-T                                  08/19/11 10:01:35          S
USB-0104A                                08/19/11 10:02:33          L
USB-0104A-R                              08/19/11 10:03:34          L
USB-0104A-T                              08/19/11 10:03:45          L
USB-0104AD                               08/26/11 10:54:08          L
USB-0202B                                08/19/11 10:04:34          L
USB-0204A                                08/19/11 10:04:47          L
USB-N0104A-R                             08/19/11 10:05:01          L
USB-N025A                                08/19/11 10:05:16          L
USB-SMD                                  08/19/11 10:05:33          S
USB-SMD1                                 08/24/11 13:47:20          S
VIA                                      06/18/10 15:53:12          N
VQFN6-3X1.6                              08/19/11 10:10:18          S
WOL-L                                    08/19/11 10:10:32          L
WPS4T                                    08/19/11 10:10:41          S
WPS4T-4.25X4.25                          08/19/11 10:11:19          S
WPS4T-4.5X4.5                            08/19/11 10:11:49          S
WPS5R                                    08/19/11 10:12:01          S
WPS5RA                                   08/26/11 16:29:43          S
WPS6R                                    08/19/11 10:13:23          S

